#
# There is insufficient memory for the Java Runtime Environment to continue.
# Native memory allocation (mmap) failed to map 264241152 bytes. Error detail: G1 virtual space
# Possible reasons:
#   The system is out of physical RAM or swap space
#   This process is running with CompressedOops enabled, and the Java Heap may be blocking the growth of the native heap
# Possible solutions:
#   Reduce memory load on the system
#   Increase physical memory or swap space
#   Check if swap backing store is full
#   Decrease Java heap size (-Xmx/-Xms)
#   Decrease number of Java threads
#   Decrease Java thread stack sizes (-Xss)
#   Set larger code cache with -XX:ReservedCodeCacheSize=
#   JVM is running with Zero Based Compressed Oops mode in which the Java heap is
#     placed in the first 32GB address space. The Java Heap base address is the
#     maximum limit for the native heap growth. Please use -XX:HeapBaseMinAddress
#     to set the Java Heap base and to place the Java Heap above 32GB virtual address.
# This output file may be truncated or incomplete.
#
#  Out of Memory Error (os_windows.cpp:3554), pid=19384, tid=14480
#
# JRE version:  (25.0.1+8) (build )
# Java VM: OpenJDK 64-Bit Server VM (25.0.1+8-LTS, mixed mode, sharing, tiered, compressed oops, compressed class ptrs, g1 gc, windows-amd64)
# No core dump will be written. Minidumps are not enabled by default on client versions of Windows
#

---------------  S U M M A R Y ------------

Command Line: com.inventory.Main

Host: 12th Gen Intel(R) Core(TM) i5-12400T, 12 cores, 15G,  Windows 11 , 64 bit Build 26100 (10.0.26100.8246)
Time: Sun May 10 22:43:46 2026 Malay Peninsula Standard Time elapsed time: 0.008813 seconds (0d 0h 0m 0s)

---------------  T H R E A D  ---------------

Current thread (0x000001bb7a095660):  JavaThread "Unknown thread" [_thread_in_vm, id=14480, stack(0x00000097f1d00000,0x00000097f1e00000) (1024K)]

Stack: [0x00000097f1d00000,0x00000097f1e00000]
Native frames: (J=compiled Java code, j=interpreted, Vv=VM code, C=native code)
V  [jvm.dll+0x7a8379]  (no source info available)
V  [jvm.dll+0x7729fd]  (no source info available)
V  [jvm.dll+0x9f57b3]  (no source info available)
V  [jvm.dll+0x9f7da1]  (no source info available)
V  [jvm.dll+0x9f84a3]  (no source info available)
V  [jvm.dll+0x2fcd26]  (no source info available)
V  [jvm.dll+0x7a45a5]  (no source info available)
V  [jvm.dll+0x797a07]  (no source info available)
V  [jvm.dll+0x3f4cb8]  (no source info available)
V  [jvm.dll+0x3fcbf6]  (no source info available)
V  [jvm.dll+0x3e938e]  (no source info available)
V  [jvm.dll+0x3e9648]  (no source info available)
V  [jvm.dll+0x3c0b15]  (no source info available)
V  [jvm.dll+0x3c179e]  (no source info available)
V  [jvm.dll+0x9bbc74]  (no source info available)
V  [jvm.dll+0x459892]  (no source info available)
V  [jvm.dll+0x99faa2]  (no source info available)
V  [jvm.dll+0x4fa061]  (no source info available)
V  [jvm.dll+0x4fb951]  (no source info available)
C  [jli.dll+0x53fa]  (no source info available)
C  [ucrtbase.dll+0x37b0]  (no source info available)
C  [KERNEL32.DLL+0x2e8d7]  (no source info available)
C  [ntdll.dll+0x8c3fc]  (no source info available)

Lock stack of current Java thread (top to bottom):


---------------  P R O C E S S  ---------------

Threads class SMR info:
_java_thread_list=0x00007ffe7f65df88, length=0, elements={
}

Java Threads: ( => current thread )
Total: 0

Other Threads:
  0x000001bb7a0f5af0 WorkerThread "GC Thread#0"                     [id=3524, stack(0x00000097f1e00000,0x00000097f1f00000) (1024K)]
  0x000001bb7a10e460 ConcurrentGCThread "G1 Main Marker"            [id=16032, stack(0x00000097f1f00000,0x00000097f2000000) (1024K)]
  0x000001bb7a10f000 WorkerThread "G1 Conc#0"                       [id=19700, stack(0x00000097f2000000,0x00000097f2100000) (1024K)]

[error occurred during error reporting (printing all threads), id 0xc0000005, EXCEPTION_ACCESS_VIOLATION (0xc0000005) at pc=0x00007ffe7ec8538a]
VM state: not at safepoint (not fully initialized)

VM Mutex/Monitor currently owned by a thread:  ([mutex/lock_event])
[0x00007ffe7f6e64e8] Heap_lock - owner thread: 0x000001bb7a095660

Heap address: 0x0000000704e00000, size: 4018 MB, Compressed Oops mode: Zero based, Oop shift amount: 3

CDS archive(s) mapped at: [0x0000000000000000-0x0000000000000000-0x0000000000000000), size 0, SharedBaseAddress: 0x0000000800000000, ArchiveRelocationMode: 1.
UseCompressedClassPointers 1, UseCompactObjectHeaders 0
Narrow klass pointer bits 32, Max shift 3
Narrow klass base: 0xffffffffffffffff, Narrow klass shift: -1
Encoding Range: [0xffffffffffffffff - 0x000000007fffffff), (2147483648 bytes)
Klass Range:    [0x0000000000000000 - 0x0000000000000000), (0 bytes)
Klass ID Range:  [4294967295 - 0) (1)
No protection zone.

GC Precious Log:
 CardTable entry size: 512
 Card Set container configuration: InlinePtr #cards 4 size 8 Array Of Cards #cards 16 size 48 Howl #buckets 8 coarsen threshold 3686 Howl Bitmap #cards 512 size 80 coarsen threshold 460 Card regions per heap region 1 cards per card region 4096

Heap:
 garbage-first heap   total reserved 4114432K, committed 0K, used 0K [0x0000000704e00000, 0x0000000800000000)
  region size 2048K, 0 young (0K), 0 survivors (0K)

Heap Regions: E=young(eden), S=young(survivor), O=old, HS=humongous(starts), HC=humongous(continues), CS=collection set, F=free, TAMS=top-at-mark-start, PB=parsable bottom

Card table byte_map: [0x000001bb7ae90000,0x000001bb7b670000] _byte_map_base: 0x000001bb77669000

Marking Bits: (CMBitMap*) 0x000001bb7a0f6280
 Bits: [0x000001bb7b670000, 0x000001bb7f538000)

GC Heap Usage History (0 events):
No events

Metaspace Usage History (0 events):
No events

Dll operation events (1 events):
Event: 0.006 Loaded shared library C:\Program Files\Apache NetBeans\jdk\bin\java.dll

Deoptimization events (0 events):
No events

Classes loaded (0 events):
No events

Classes unloaded (0 events):
No events

Classes redefined (0 events):
No events

Internal exceptions (0 events):
No events

VM Operations (0 events):
No events

Memory protections (0 events):
No events

Nmethod flushes (0 events):
No events

Events (0 events):
No events


Dynamic libraries:
0x00007ff67aed0000 - 0x00007ff67aede000 	C:\Program Files\Apache NetBeans\jdk\bin\java.exe
0x00007fff08460000 - 0x00007fff086c7000 	C:\WINDOWS\SYSTEM32\ntdll.dll
0x00007fff07270000 - 0x00007fff07339000 	C:\WINDOWS\System32\KERNEL32.DLL
0x00007fff05df0000 - 0x00007fff061e4000 	C:\WINDOWS\System32\KERNELBASE.dll
0x00007fff05bc0000 - 0x00007fff05d0b000 	C:\WINDOWS\System32\ucrtbase.dll
0x00007ffeef690000 - 0x00007ffeef6a6000 	C:\Program Files\Apache NetBeans\jdk\bin\jli.dll
0x00007ffef00d0000 - 0x00007ffef00ee000 	C:\Program Files\Apache NetBeans\jdk\bin\VCRUNTIME140.dll
0x00007fff06480000 - 0x00007fff06645000 	C:\WINDOWS\System32\USER32.dll
0x00007fff05d10000 - 0x00007fff05d37000 	C:\WINDOWS\System32\win32u.dll
0x00007ffeeae90000 - 0x00007ffeeb123000 	C:\WINDOWS\WinSxS\amd64_microsoft.windows.common-controls_6595b64144ccf1df_6.0.26100.8115_none_3e075c82e3354f9c\COMCTL32.dll
0x00007fff07e10000 - 0x00007fff07e3b000 	C:\WINDOWS\System32\GDI32.dll
0x00007fff07340000 - 0x00007fff073e9000 	C:\WINDOWS\System32\msvcrt.dll
0x00007fff05950000 - 0x00007fff05a7b000 	C:\WINDOWS\System32\gdi32full.dll
0x00007fff05a80000 - 0x00007fff05b23000 	C:\WINDOWS\System32\msvcp_win.dll
0x00007fff07880000 - 0x00007fff078b2000 	C:\WINDOWS\System32\IMM32.DLL
0x00007ffef7e50000 - 0x00007ffef7e5c000 	C:\Program Files\Apache NetBeans\jdk\bin\vcruntime140_1.dll
0x00007ffeb8b80000 - 0x00007ffeb8c0d000 	C:\Program Files\Apache NetBeans\jdk\bin\msvcp140.dll
0x00007ffe7e8b0000 - 0x00007ffe7f7d6000 	C:\Program Files\Apache NetBeans\jdk\bin\server\jvm.dll
0x00007fff068f0000 - 0x00007fff069a6000 	C:\WINDOWS\System32\ADVAPI32.dll
0x00007fff07d60000 - 0x00007fff07e07000 	C:\WINDOWS\System32\sechost.dll
0x00007fff061f0000 - 0x00007fff06308000 	C:\WINDOWS\System32\RPCRT4.dll
0x00007fff071e0000 - 0x00007fff07260000 	C:\WINDOWS\System32\WS2_32.dll
0x00007fff04b90000 - 0x00007fff04bee000 	C:\WINDOWS\SYSTEM32\POWRPROF.dll
0x00007ffeefcd0000 - 0x00007ffeefcdb000 	C:\WINDOWS\SYSTEM32\VERSION.dll
0x00007ffefddf0000 - 0x00007ffefde26000 	C:\WINDOWS\SYSTEM32\WINMM.dll
0x00007fff04b70000 - 0x00007fff04b84000 	C:\WINDOWS\SYSTEM32\UMPDC.dll
0x00007fff03a80000 - 0x00007fff03a9b000 	C:\WINDOWS\SYSTEM32\kernel.appcore.dll
0x00007ffef5ea0000 - 0x00007ffef5eaa000 	C:\Program Files\Apache NetBeans\jdk\bin\jimage.dll
0x00007ffef64c0000 - 0x00007ffef6702000 	C:\WINDOWS\SYSTEM32\DBGHELP.DLL
0x00007fff07960000 - 0x00007fff07ce2000 	C:\WINDOWS\System32\combase.dll
0x00007fff08100000 - 0x00007fff081d8000 	C:\WINDOWS\System32\OLEAUT32.dll
0x00007ffee3330000 - 0x00007ffee336b000 	C:\WINDOWS\SYSTEM32\dbgcore.DLL
0x00007fff05d40000 - 0x00007fff05de5000 	C:\WINDOWS\System32\bcryptPrimitives.dll
0x00007ffeef8b0000 - 0x00007ffeef8ce000 	C:\Program Files\Apache NetBeans\jdk\bin\java.dll
0x00007fff081e0000 - 0x00007fff08377000 	C:\WINDOWS\System32\ole32.dll
0x00007fff06a70000 - 0x00007fff071d7000 	C:\WINDOWS\System32\SHELL32.dll
0x00007fff04d30000 - 0x00007fff04e9a000 	C:\WINDOWS\System32\wintypes.dll

JVMTI agents: none

dbghelp: loaded successfully - version: 4.0.5 - missing functions: none
symbol engine: initialized successfully - sym options: 0x614 - pdb path: .;C:\Program Files\Apache NetBeans\jdk\bin;C:\WINDOWS\SYSTEM32;C:\WINDOWS\WinSxS\amd64_microsoft.windows.common-controls_6595b64144ccf1df_6.0.26100.8115_none_3e075c82e3354f9c;C:\Program Files\Apache NetBeans\jdk\bin\server

VM Arguments:
java_command: com.inventory.Main
java_class_path (initial): C:\Users\lxdi1\Documents\NetBeansProjects\Java.Inventory.Management.System\target\classes;C:\Users\lxdi1\.m2\repository\com\mysql\mysql-connector-j\8.0.33\mysql-connector-j-8.0.33.jar;C:\Users\lxdi1\.m2\repository\com\google\protobuf\protobuf-java\3.21.9\protobuf-java-3.21.9.jar;C:\Users\lxdi1\.m2\repository\org\json\json\20240303\json-20240303.jar
Launcher Type: SUN_STANDARD

[Global flags]
     intx CICompilerCount                          = 4                                         {product} {ergonomic}
     uint ConcGCThreads                            = 3                                         {product} {ergonomic}
     uint G1ConcRefinementThreads                  = 10                                        {product} {ergonomic}
   size_t G1HeapRegionSize                         = 2097152                                   {product} {ergonomic}
   size_t InitialHeapSize                          = 264241152                                 {product} {ergonomic}
   size_t MarkStackSize                            = 4194304                                   {product} {ergonomic}
   size_t MarkStackSizeMax                         = 536870912                                 {product} {ergonomic}
   size_t MaxHeapSize                              = 4213178368                                {product} {ergonomic}
   size_t MinHeapDeltaBytes                        = 2097152                                   {product} {ergonomic}
   size_t MinHeapSize                              = 8388608                                   {product} {ergonomic}
    uintx NonNMethodCodeHeapSize                   = 5832704                                {pd product} {ergonomic}
    uintx NonProfiledCodeHeapSize                  = 122945536                              {pd product} {ergonomic}
    uintx ProfiledCodeHeapSize                     = 122880000                              {pd product} {ergonomic}
    uintx ReservedCodeCacheSize                    = 251658240                              {pd product} {ergonomic}
     bool SegmentedCodeCache                       = true                                      {product} {ergonomic}
   size_t SoftMaxHeapSize                          = 4213178368                             {manageable} {ergonomic}
     bool UseCompressedOops                        = true                           {product lp64_product} {ergonomic}
     bool UseG1GC                                  = true                                      {product} {ergonomic}
     bool UseLargePagesIndividualAllocation        = false                                  {pd product} {ergonomic}

Logging:
Log output configuration:
 #0: stdout all=warning uptime,level,tags foldmultilines=false
 #1: stderr all=off uptime,level,tags foldmultilines=false

Release file:
<release file has not been read>
Environment Variables:
JAVA_HOME=C:\Program Files\Apache NetBeans\jdk
PATH=C:\Program Files\Common Files\Oracle\Java\javapath;C:\Program Files\glzr.io\GlazeWM\\cli;C:\WINDOWS\system32;C:\WINDOWS;C:\WINDOWS\System32\Wbem;C:\WINDOWS\System32\WindowsPowerShell\v1.0\;C:\WINDOWS\System32\OpenSSH\;C:\Program Files\YASB\;C:\Program Files\glzr.io\Zebar\;C:\MinGW\bin;C:\Program Files\dotnet\;C:\Users\lxdi1\AppData\Local\Programs\Python\Launcher\;C:\Users\lxdi1\AppData\Local\Microsoft\WindowsApps;C:\Users\lxdi1\AppData\Local\Programs\Microsoft VS Code\bin;C:\Users\lxdi1\.dotnet\tools;C:\Users\lxdi1\AppData\Local\GitHubDesktop\bin
USERNAME=lxdi1
OS=Windows_NT
PROCESSOR_IDENTIFIER=Intel64 Family 6 Model 151 Stepping 5, GenuineIntel
TMP=C:\Users\lxdi1\AppData\Local\Temp
TEMP=C:\Users\lxdi1\AppData\Local\Temp




Compilation memory statistics disabled.

Periodic native trim disabled

---------------  S Y S T E M  ---------------

OS:
 Windows 11 , 64 bit Build 26100 (10.0.26100.8246)
OS uptime: 6 days 22:09 hours
Hyper-V role detected

CPU: total 12 (initial active 12) (6 cores per cpu, 2 threads per core) family 6 model 151 stepping 5 microcode 0x15, cx8, cmov, fxsr, ht, mmx, 3dnowpref, sse, sse2, sse3, ssse3, sse4.1, sse4.2, popcnt, lzcnt, tsc, tscinvbit, avx, avx2, aes, erms, clmul, bmi1, bmi2, adx, sha, fma, vzeroupper, clflush, clflushopt, clwb, hv, serialize, rdtscp, rdpid, fsrm, gfni, f16c, cet_ibt, cet_ss
Processor Information for the first 12 processors :
  Max Mhz: 1800, Current Mhz: 1800, Mhz Limit: 1800

Memory: 4k page, system-wide physical 16065M (2399M free)
TotalPageFile size 48065M (AvailPageFile size 56M)
current process WorkingSet (physical memory assigned to process): 14M, peak: 14M
current process commit charge ("private bytes"): 65M, peak: 317M

vm_info: OpenJDK 64-Bit Server VM (25.0.1+8-LTS) for windows-amd64 JRE (25.0.1+8-LTS), built on 2025-10-21T00:00:00Z with unknown MS VC++:1942

END.
